warning: missing blank line before the trailing return expression
  --> $DIR/return_styles.rs:10:5
   |
LL |     x // WARN
   |     ^
   |
   = note: `#[warn(blank_line_before_return)]` on by default
help: insert a blank line
LL -     x // WARN
   |

warning: missing blank line before the trailing return expression
  --> $DIR/return_styles.rs:39:5
   |
LL |     x // WARN
   |     ^
   |
help: insert a blank line
LL -     x // WARN
   |

warning: missing blank line before the trailing return expression
  --> $DIR/return_styles.rs:45:5
   |
LL |     if x > 0 { 1 } else { -1 } // WARN
   |     ^^^^^^^^^^^^^^^^^^^^^^^^^^
   |
help: insert a blank line
LL -     if x > 0 { 1 } else { -1 } // WARN
   |

warning: missing blank line before the trailing return expression
  --> $DIR/return_styles.rs:60:5
   |
LL |     s.to_uppercase() // WARN
   |     ^^^^^^^^^^^^^^^^
   |
help: insert a blank line
LL -     s.to_uppercase() // WARN
   |

warning: missing blank line before the trailing return expression
  --> $DIR/return_styles.rs:66:5
   |
LL |     Ok(n as usize) // WARN
   |     ^^^^^^^^^^^^^^
   |
help: insert a blank line
LL -     Ok(n as usize) // WARN
   |

warning: missing blank line before the trailing return expression
  --> $DIR/return_styles.rs:92:5
   |
LL |     () // WARN
   |     ^^
   |
help: insert a blank line
LL -     () // WARN
   |

warning: missing blank line before the trailing return expression
  --> $DIR/return_styles.rs:99:5
   |
LL |     compute() // WARN
   |     ^^^^^^^^^
   |
help: insert a blank line
LL -     compute() // WARN
   |

warning: missing blank line before the trailing return expression
  --> $DIR/return_styles.rs:116:5
   |
LL |     (a, b) // WARN — function-body tail, no blank line above
   |     ^^^^^^
   |
help: insert a blank line
LL -     (a, b) // WARN — function-body tail, no blank line above
   |

warning: 8 warnings emitted

